{"C:\\Users\\Maina\\Desktop\\SCHOOLFLOW-HUB\\SchoolFlow-Hub\\SchoolFlow-Hub\\js\\studentManager.js": {"path":"C:\\Users\\Maina\\Desktop\\SCHOOLFLOW-HUB\\SchoolFlow-Hub\\SchoolFlow-Hub\\js\\studentManager.js","statementMap":{"0":{"start":{"line":10,"column":8},"end":{"line":10,"column":27}},"1":{"start":{"line":11,"column":8},"end":{"line":11,"column":37}},"2":{"start":{"line":19,"column":8},"end":{"line":19,"column":33}},"3":{"start":{"line":27,"column":8},"end":{"line":27,"column":29}},"4":{"start":{"line":36,"column":8},"end":{"line":46,"column":11}},"5":{"start":{"line":37,"column":34},"end":{"line":37,"column":57}},"6":{"start":{"line":38,"column":29},"end":{"line":38,"column":52}},"7":{"start":{"line":41,"column":12},"end":{"line":43,"column":13}},"8":{"start":{"line":42,"column":16},"end":{"line":42,"column":42}},"9":{"start":{"line":45,"column":12},"end":{"line":45,"column":95}},"10":{"start":{"line":54,"column":33},"end":{"line":54,"column":78}},"11":{"start":{"line":55,"column":8},"end":{"line":55,"column":38}},"12":{"start":{"line":55,"column":31},"end":{"line":55,"column":38}},"13":{"start":{"line":56,"column":8},"end":{"line":56,"column":40}},"14":{"start":{"line":57,"column":8},"end":{"line":66,"column":9}},"15":{"start":{"line":58,"column":23},"end":{"line":58,"column":51}},"16":{"start":{"line":59,"column":23},"end":{"line":59,"column":51}},"17":{"start":{"line":60,"column":12},"end":{"line":60,"column":27}},"18":{"start":{"line":61,"column":12},"end":{"line":61,"column":42}},"19":{"start":{"line":62,"column":12},"end":{"line":62,"column":54}},"20":{"start":{"line":63,"column":12},"end":{"line":63,"column":31}},"21":{"start":{"line":64,"column":12},"end":{"line":64,"column":45}},"22":{"start":{"line":65,"column":12},"end":{"line":65,"column":19}},"23":{"start":{"line":67,"column":8},"end":{"line":114,"column":11}},"24":{"start":{"line":68,"column":24},"end":{"line":68,"column":52}},"25":{"start":{"line":70,"column":29},"end":{"line":75,"column":13}},"26":{"start":{"line":71,"column":27},"end":{"line":71,"column":55}},"27":{"start":{"line":72,"column":16},"end":{"line":72,"column":53}},"28":{"start":{"line":73,"column":16},"end":{"line":73,"column":45}},"29":{"start":{"line":74,"column":16},"end":{"line":74,"column":26}},"30":{"start":{"line":77,"column":12},"end":{"line":77,"column":67}},"31":{"start":{"line":78,"column":12},"end":{"line":78,"column":71}},"32":{"start":{"line":79,"column":12},"end":{"line":79,"column":71}},"33":{"start":{"line":80,"column":12},"end":{"line":80,"column":71}},"34":{"start":{"line":81,"column":12},"end":{"line":81,"column":69}},"35":{"start":{"line":83,"column":30},"end":{"line":83,"column":58}},"36":{"start":{"line":84,"column":12},"end":{"line":84,"column":60}},"37":{"start":{"line":85,"column":12},"end":{"line":85,"column":44}},"38":{"start":{"line":86,"column":12},"end":{"line":86,"column":50}},"39":{"start":{"line":87,"column":12},"end":{"line":87,"column":41}},"40":{"start":{"line":89,"column":28},"end":{"line":89,"column":60}},"41":{"start":{"line":90,"column":12},"end":{"line":90,"column":46}},"42":{"start":{"line":91,"column":12},"end":{"line":91,"column":44}},"43":{"start":{"line":92,"column":12},"end":{"line":92,"column":41}},"44":{"start":{"line":93,"column":12},"end":{"line":93,"column":48}},"45":{"start":{"line":94,"column":12},"end":{"line":94,"column":39}},"46":{"start":{"line":95,"column":12},"end":{"line":98,"column":15}},"47":{"start":{"line":96,"column":16},"end":{"line":96,"column":36}},"48":{"start":{"line":97,"column":16},"end":{"line":97,"column":61}},"49":{"start":{"line":100,"column":30},"end":{"line":100,"column":62}},"50":{"start":{"line":101,"column":12},"end":{"line":101,"column":50}},"51":{"start":{"line":102,"column":12},"end":{"line":102,"column":46}},"52":{"start":{"line":103,"column":12},"end":{"line":103,"column":45}},"53":{"start":{"line":104,"column":12},"end":{"line":104,"column":50}},"54":{"start":{"line":105,"column":12},"end":{"line":105,"column":41}},"55":{"start":{"line":106,"column":12},"end":{"line":109,"column":15}},"56":{"start":{"line":107,"column":16},"end":{"line":107,"column":36}},"57":{"start":{"line":108,"column":16},"end":{"line":108,"column":63}},"58":{"start":{"line":111,"column":12},"end":{"line":111,"column":43}},"59":{"start":{"line":112,"column":12},"end":{"line":112,"column":45}},"60":{"start":{"line":113,"column":12},"end":{"line":113,"column":39}},"61":{"start":{"line":124,"column":8},"end":{"line":162,"column":9}},"62":{"start":{"line":126,"column":12},"end":{"line":139,"column":13}},"63":{"start":{"line":128,"column":16},"end":{"line":128,"column":74}},"64":{"start":{"line":131,"column":30},"end":{"line":131,"column":56}},"65":{"start":{"line":132,"column":16},"end":{"line":132,"column":68}},"66":{"start":{"line":133,"column":32},"end":{"line":133,"column":50}},"67":{"start":{"line":134,"column":16},"end":{"line":138,"column":17}},"68":{"start":{"line":135,"column":20},"end":{"line":135,"column":41}},"69":{"start":{"line":137,"column":20},"end":{"line":137,"column":58}},"70":{"start":{"line":142,"column":12},"end":{"line":142,"column":50}},"71":{"start":{"line":143,"column":12},"end":{"line":143,"column":54}},"72":{"start":{"line":144,"column":12},"end":{"line":144,"column":54}},"73":{"start":{"line":145,"column":12},"end":{"line":145,"column":60}},"74":{"start":{"line":146,"column":12},"end":{"line":146,"column":56}},"75":{"start":{"line":147,"column":12},"end":{"line":147,"column":62}},"76":{"start":{"line":148,"column":12},"end":{"line":148,"column":52}},"77":{"start":{"line":149,"column":12},"end":{"line":149,"column":58}},"78":{"start":{"line":152,"column":12},"end":{"line":152,"column":58}},"79":{"start":{"line":153,"column":12},"end":{"line":153,"column":42}},"80":{"start":{"line":154,"column":12},"end":{"line":154,"column":54}},"81":{"start":{"line":156,"column":33},"end":{"line":156,"column":53}},"82":{"start":{"line":157,"column":12},"end":{"line":157,"column":68}},"83":{"start":{"line":158,"column":12},"end":{"line":158,"column":60}},"84":{"start":{"line":160,"column":12},"end":{"line":160,"column":70}},"85":{"start":{"line":161,"column":12},"end":{"line":161,"column":62}},"86":{"start":{"line":170,"column":30},"end":{"line":170,"column":66}},"87":{"start":{"line":170,"column":54},"end":{"line":170,"column":65}},"88":{"start":{"line":171,"column":8},"end":{"line":182,"column":9}},"89":{"start":{"line":172,"column":12},"end":{"line":172,"column":85}},"90":{"start":{"line":173,"column":12},"end":{"line":173,"column":89}},"91":{"start":{"line":174,"column":12},"end":{"line":174,"column":89}},"92":{"start":{"line":175,"column":12},"end":{"line":175,"column":89}},"93":{"start":{"line":176,"column":12},"end":{"line":176,"column":87}},"94":{"start":{"line":177,"column":12},"end":{"line":177,"column":93}},"95":{"start":{"line":178,"column":12},"end":{"line":178,"column":104}},"96":{"start":{"line":179,"column":12},"end":{"line":179,"column":119}},"97":{"start":{"line":180,"column":12},"end":{"line":180,"column":85}},"98":{"start":{"line":181,"column":12},"end":{"line":181,"column":87}},"99":{"start":{"line":190,"column":8},"end":{"line":192,"column":11}},"100":{"start":{"line":191,"column":12},"end":{"line":191,"column":56}},"101":{"start":{"line":200,"column":8},"end":{"line":200,"column":58}},"102":{"start":{"line":201,"column":8},"end":{"line":201,"column":85}},"103":{"start":{"line":202,"column":8},"end":{"line":202,"column":88}},"104":{"start":{"line":203,"column":8},"end":{"line":203,"column":79}},"105":{"start":{"line":204,"column":8},"end":{"line":204,"column":75}},"106":{"start":{"line":209,"column":0},"end":{"line":213,"column":1}},"107":{"start":{"line":210,"column":4},"end":{"line":210,"column":36}},"108":{"start":{"line":212,"column":4},"end":{"line":212,"column":43}}},"fnMap":{"0":{"name":"(anonymous_0)","decl":{"start":{"line":9,"column":4},"end":{"line":9,"column":5}},"loc":{"start":{"line":9,"column":18},"end":{"line":12,"column":5}},"line":9},"1":{"name":"(anonymous_1)","decl":{"start":{"line":18,"column":4},"end":{"line":18,"column":5}},"loc":{"start":{"line":18,"column":26},"end":{"line":20,"column":5}},"line":18},"2":{"name":"(anonymous_2)","decl":{"start":{"line":26,"column":4},"end":{"line":26,"column":5}},"loc":{"start":{"line":26,"column":18},"end":{"line":28,"column":5}},"line":26},"3":{"name":"(anonymous_3)","decl":{"start":{"line":35,"column":4},"end":{"line":35,"column":5}},"loc":{"start":{"line":35,"column":34},"end":{"line":47,"column":5}},"line":35},"4":{"name":"(anonymous_4)","decl":{"start":{"line":36,"column":36},"end":{"line":36,"column":37}},"loc":{"start":{"line":36,"column":47},"end":{"line":46,"column":9}},"line":36},"5":{"name":"(anonymous_5)","decl":{"start":{"line":53,"column":4},"end":{"line":53,"column":5}},"loc":{"start":{"line":53,"column":25},"end":{"line":115,"column":5}},"line":53},"6":{"name":"(anonymous_6)","decl":{"start":{"line":67,"column":30},"end":{"line":67,"column":31}},"loc":{"start":{"line":67,"column":41},"end":{"line":114,"column":9}},"line":67},"7":{"name":"(anonymous_7)","decl":{"start":{"line":70,"column":29},"end":{"line":70,"column":30}},"loc":{"start":{"line":70,"column":47},"end":{"line":75,"column":13}},"line":70},"8":{"name":"(anonymous_8)","decl":{"start":{"line":95,"column":46},"end":{"line":95,"column":47}},"loc":{"start":{"line":95,"column":53},"end":{"line":98,"column":13}},"line":95},"9":{"name":"(anonymous_9)","decl":{"start":{"line":106,"column":48},"end":{"line":106,"column":49}},"loc":{"start":{"line":106,"column":55},"end":{"line":109,"column":13}},"line":106},"10":{"name":"(anonymous_10)","decl":{"start":{"line":123,"column":4},"end":{"line":123,"column":5}},"loc":{"start":{"line":123,"column":53},"end":{"line":163,"column":5}},"line":123},"11":{"name":"(anonymous_11)","decl":{"start":{"line":169,"column":4},"end":{"line":169,"column":5}},"loc":{"start":{"line":169,"column":20},"end":{"line":183,"column":5}},"line":169},"12":{"name":"(anonymous_12)","decl":{"start":{"line":170,"column":49},"end":{"line":170,"column":50}},"loc":{"start":{"line":170,"column":54},"end":{"line":170,"column":65}},"line":170},"13":{"name":"(anonymous_13)","decl":{"start":{"line":189,"column":4},"end":{"line":189,"column":5}},"loc":{"start":{"line":189,"column":28},"end":{"line":193,"column":5}},"line":189},"14":{"name":"(anonymous_14)","decl":{"start":{"line":190,"column":82},"end":{"line":190,"column":83}},"loc":{"start":{"line":190,"column":94},"end":{"line":192,"column":9}},"line":190},"15":{"name":"(anonymous_15)","decl":{"start":{"line":199,"column":4},"end":{"line":199,"column":5}},"loc":{"start":{"line":199,"column":23},"end":{"line":205,"column":5}},"line":199}},"branchMap":{"0":{"loc":{"start":{"line":41,"column":12},"end":{"line":43,"column":13}},"type":"if","locations":[{"start":{"line":41,"column":12},"end":{"line":43,"column":13}},{"start":{},"end":{}}],"line":41},"1":{"loc":{"start":{"line":41,"column":16},"end":{"line":41,"column":69}},"type":"binary-expr","locations":[{"start":{"line":41,"column":16},"end":{"line":41,"column":43}},{"start":{"line":41,"column":47},"end":{"line":41,"column":69}}],"line":41},"2":{"loc":{"start":{"line":45,"column":19},"end":{"line":45,"column":94}},"type":"binary-expr","locations":[{"start":{"line":45,"column":19},"end":{"line":45,"column":45}},{"start":{"line":45,"column":50},"end":{"line":45,"column":67}},{"start":{"line":45,"column":71},"end":{"line":45,"column":93}}],"line":45},"3":{"loc":{"start":{"line":55,"column":8},"end":{"line":55,"column":38}},"type":"if","locations":[{"start":{"line":55,"column":8},"end":{"line":55,"column":38}},{"start":{},"end":{}}],"line":55},"4":{"loc":{"start":{"line":57,"column":8},"end":{"line":66,"column":9}},"type":"if","locations":[{"start":{"line":57,"column":8},"end":{"line":66,"column":9}},{"start":{},"end":{}}],"line":57},"5":{"loc":{"start":{"line":73,"column":33},"end":{"line":73,"column":44}},"type":"binary-expr","locations":[{"start":{"line":73,"column":33},"end":{"line":73,"column":38}},{"start":{"line":73,"column":42},"end":{"line":73,"column":44}}],"line":73},"6":{"loc":{"start":{"line":126,"column":12},"end":{"line":139,"column":13}},"type":"if","locations":[{"start":{"line":126,"column":12},"end":{"line":139,"column":13}},{"start":{"line":129,"column":19},"end":{"line":139,"column":13}}],"line":126},"7":{"loc":{"start":{"line":134,"column":16},"end":{"line":138,"column":17}},"type":"if","locations":[{"start":{"line":134,"column":16},"end":{"line":138,"column":17}},{"start":{"line":136,"column":23},"end":{"line":138,"column":17}}],"line":134},"8":{"loc":{"start":{"line":171,"column":8},"end":{"line":182,"column":9}},"type":"if","locations":[{"start":{"line":171,"column":8},"end":{"line":182,"column":9}},{"start":{},"end":{}}],"line":171},"9":{"loc":{"start":{"line":209,"column":0},"end":{"line":213,"column":1}},"type":"if","locations":[{"start":{"line":209,"column":0},"end":{"line":213,"column":1}},{"start":{"line":211,"column":7},"end":{"line":213,"column":1}}],"line":209},"10":{"loc":{"start":{"line":209,"column":4},"end":{"line":209,"column":51}},"type":"binary-expr","locations":[{"start":{"line":209,"column":4},"end":{"line":209,"column":33}},{"start":{"line":209,"column":37},"end":{"line":209,"column":51}}],"line":209}},"s":{"0":3,"1":3,"2":2,"3":0,"4":2,"5":4,"6":4,"7":4,"8":1,"9":3,"10":0,"11":0,"12":0,"13":0,"14":0,"15":0,"16":0,"17":0,"18":0,"19":0,"20":0,"21":0,"22":0,"23":0,"24":0,"25":0,"26":0,"27":0,"28":0,"29":0,"30":0,"31":0,"32":0,"33":0,"34":0,"35":0,"36":0,"37":0,"38":0,"39":0,"40":0,"41":0,"42":0,"43":0,"44":0,"45":0,"46":0,"47":0,"48":0,"49":0,"50":0,"51":0,"52":0,"53":0,"54":0,"55":0,"56":0,"57":0,"58":0,"59":0,"60":0,"61":0,"62":0,"63":0,"64":0,"65":0,"66":0,"67":0,"68":0,"69":0,"70":0,"71":0,"72":0,"73":0,"74":0,"75":0,"76":0,"77":0,"78":0,"79":0,"80":0,"81":0,"82":0,"83":0,"84":0,"85":0,"86":0,"87":0,"88":0,"89":0,"90":0,"91":0,"92":0,"93":0,"94":0,"95":0,"96":0,"97":0,"98":0,"99":0,"100":0,"101":1,"102":1,"103":1,"104":1,"105":1,"106":1,"107":1,"108":0},"f":{"0":3,"1":2,"2":0,"3":2,"4":4,"5":0,"6":0,"7":0,"8":0,"9":0,"10":0,"11":0,"12":0,"13":0,"14":0,"15":1},"b":{"0":[1,3],"1":[4,4],"2":[3,2,0],"3":[0,0],"4":[0,0],"5":[0,0],"6":[0,0],"7":[0,0],"8":[0,0],"9":[1,0],"10":[1,1]},"_coverageSchema":"1a1c01bbd47fc00a2c39e90264f33305004495a9","hash":"34da37163a1c0ae10c599d90b01c53728a7a153b"}
,"C:\\Users\\Maina\\Desktop\\SCHOOLFLOW-HUB\\SchoolFlow-Hub\\SchoolFlow-Hub\\js\\utils.js": {"path":"C:\\Users\\Maina\\Desktop\\SCHOOLFLOW-HUB\\SchoolFlow-Hub\\SchoolFlow-Hub\\js\\utils.js","statementMap":{"0":{"start":{"line":5,"column":18},"end":{"line":5,"column":55}},"1":{"start":{"line":6,"column":8},"end":{"line":11,"column":9}},"2":{"start":{"line":7,"column":12},"end":{"line":7,"column":48}},"3":{"start":{"line":8,"column":12},"end":{"line":8,"column":34}},"4":{"start":{"line":9,"column":12},"end":{"line":9,"column":42}},"5":{"start":{"line":10,"column":12},"end":{"line":10,"column":43}},"6":{"start":{"line":12,"column":8},"end":{"line":12,"column":99}},"7":{"start":{"line":13,"column":8},"end":{"line":13,"column":74}},"8":{"start":{"line":13,"column":32},"end":{"line":13,"column":74}},"9":{"start":{"line":14,"column":8},"end":{"line":14,"column":70}},"10":{"start":{"line":14,"column":30},"end":{"line":14,"column":70}},"11":{"start":{"line":15,"column":8},"end":{"line":15,"column":74}},"12":{"start":{"line":15,"column":32},"end":{"line":15,"column":74}},"13":{"start":{"line":16,"column":8},"end":{"line":16,"column":34}},"14":{"start":{"line":17,"column":8},"end":{"line":17,"column":37}},"15":{"start":{"line":18,"column":8},"end":{"line":18,"column":40}},"16":{"start":{"line":19,"column":8},"end":{"line":21,"column":21}},"17":{"start":{"line":20,"column":12},"end":{"line":20,"column":44}},"18":{"start":{"line":25,"column":23},"end":{"line":25,"column":52}},"19":{"start":{"line":26,"column":8},"end":{"line":26,"column":44}},"20":{"start":{"line":28,"column":24},"end":{"line":28,"column":53}},"21":{"start":{"line":29,"column":8},"end":{"line":29,"column":53}},"22":{"start":{"line":31,"column":18},"end":{"line":31,"column":45}},"23":{"start":{"line":32,"column":8},"end":{"line":32,"column":38}},"24":{"start":{"line":34,"column":24},"end":{"line":34,"column":53}},"25":{"start":{"line":35,"column":8},"end":{"line":35,"column":53}},"26":{"start":{"line":37,"column":23},"end":{"line":37,"column":55}},"27":{"start":{"line":38,"column":8},"end":{"line":38,"column":33}},"28":{"start":{"line":39,"column":8},"end":{"line":39,"column":51}},"29":{"start":{"line":40,"column":8},"end":{"line":40,"column":35}},"30":{"start":{"line":42,"column":22},"end":{"line":42,"column":54}},"31":{"start":{"line":43,"column":8},"end":{"line":43,"column":31}},"32":{"start":{"line":44,"column":8},"end":{"line":44,"column":49}},"33":{"start":{"line":45,"column":8},"end":{"line":45,"column":33}},"34":{"start":{"line":47,"column":8},"end":{"line":47,"column":36}},"35":{"start":{"line":48,"column":8},"end":{"line":48,"column":35}},"36":{"start":{"line":50,"column":8},"end":{"line":50,"column":31}},"37":{"start":{"line":51,"column":8},"end":{"line":51,"column":37}},"38":{"start":{"line":53,"column":8},"end":{"line":53,"column":36}},"39":{"start":{"line":54,"column":8},"end":{"line":54,"column":42}},"40":{"start":{"line":56,"column":8},"end":{"line":58,"column":11}},"41":{"start":{"line":57,"column":12},"end":{"line":57,"column":98}},"42":{"start":{"line":57,"column":18},"end":{"line":57,"column":67}},"43":{"start":{"line":57,"column":55},"end":{"line":57,"column":67}},"44":{"start":{"line":57,"column":80},"end":{"line":57,"column":96}},"45":{"start":{"line":59,"column":8},"end":{"line":59,"column":63}},"46":{"start":{"line":59,"column":46},"end":{"line":59,"column":61}},"47":{"start":{"line":65,"column":8},"end":{"line":72,"column":10}},"48":{"start":{"line":66,"column":26},"end":{"line":69,"column":13}},"49":{"start":{"line":67,"column":16},"end":{"line":67,"column":38}},"50":{"start":{"line":68,"column":16},"end":{"line":68,"column":30}},"51":{"start":{"line":70,"column":12},"end":{"line":70,"column":34}},"52":{"start":{"line":71,"column":12},"end":{"line":71,"column":46}},"53":{"start":{"line":77,"column":0},"end":{"line":81,"column":1}},"54":{"start":{"line":78,"column":4},"end":{"line":78,"column":27}},"55":{"start":{"line":80,"column":4},"end":{"line":80,"column":25}}},"fnMap":{"0":{"name":"(anonymous_0)","decl":{"start":{"line":4,"column":4},"end":{"line":4,"column":5}},"loc":{"start":{"line":4,"column":64},"end":{"line":22,"column":5}},"line":4},"1":{"name":"(anonymous_1)","decl":{"start":{"line":19,"column":39},"end":{"line":19,"column":40}},"loc":{"start":{"line":19,"column":45},"end":{"line":21,"column":9}},"line":19},"2":{"name":"(anonymous_2)","decl":{"start":{"line":24,"column":4},"end":{"line":24,"column":5}},"loc":{"start":{"line":24,"column":49},"end":{"line":60,"column":5}},"line":24},"3":{"name":"(anonymous_3)","decl":{"start":{"line":56,"column":41},"end":{"line":56,"column":42}},"loc":{"start":{"line":56,"column":47},"end":{"line":58,"column":9}},"line":56},"4":{"name":"(anonymous_4)","decl":{"start":{"line":59,"column":40},"end":{"line":59,"column":41}},"loc":{"start":{"line":59,"column":46},"end":{"line":59,"column":61}},"line":59},"5":{"name":"(anonymous_5)","decl":{"start":{"line":63,"column":4},"end":{"line":63,"column":5}},"loc":{"start":{"line":63,"column":32},"end":{"line":73,"column":5}},"line":63},"6":{"name":"executedFunction","decl":{"start":{"line":65,"column":24},"end":{"line":65,"column":40}},"loc":{"start":{"line":65,"column":50},"end":{"line":72,"column":9}},"line":65},"7":{"name":"(anonymous_7)","decl":{"start":{"line":66,"column":26},"end":{"line":66,"column":27}},"loc":{"start":{"line":66,"column":32},"end":{"line":69,"column":13}},"line":66}},"branchMap":{"0":{"loc":{"start":{"line":4,"column":32},"end":{"line":4,"column":45}},"type":"default-arg","locations":[{"start":{"line":4,"column":39},"end":{"line":4,"column":45}}],"line":4},"1":{"loc":{"start":{"line":4,"column":47},"end":{"line":4,"column":62}},"type":"default-arg","locations":[{"start":{"line":4,"column":58},"end":{"line":4,"column":62}}],"line":4},"2":{"loc":{"start":{"line":6,"column":8},"end":{"line":11,"column":9}},"type":"if","locations":[{"start":{"line":6,"column":8},"end":{"line":11,"column":9}},{"start":{},"end":{}}],"line":6},"3":{"loc":{"start":{"line":13,"column":8},"end":{"line":13,"column":74}},"type":"if","locations":[{"start":{"line":13,"column":8},"end":{"line":13,"column":74}},{"start":{},"end":{}}],"line":13},"4":{"loc":{"start":{"line":14,"column":8},"end":{"line":14,"column":70}},"type":"if","locations":[{"start":{"line":14,"column":8},"end":{"line":14,"column":70}},{"start":{},"end":{}}],"line":14},"5":{"loc":{"start":{"line":15,"column":8},"end":{"line":15,"column":74}},"type":"if","locations":[{"start":{"line":15,"column":8},"end":{"line":15,"column":74}},{"start":{},"end":{}}],"line":15},"6":{"loc":{"start":{"line":32,"column":24},"end":{"line":32,"column":37}},"type":"binary-expr","locations":[{"start":{"line":32,"column":24},"end":{"line":32,"column":31}},{"start":{"line":32,"column":35},"end":{"line":32,"column":37}}],"line":32},"7":{"loc":{"start":{"line":57,"column":18},"end":{"line":57,"column":67}},"type":"if","locations":[{"start":{"line":57,"column":18},"end":{"line":57,"column":67}},{"start":{},"end":{}}],"line":57},"8":{"loc":{"start":{"line":77,"column":0},"end":{"line":81,"column":1}},"type":"if","locations":[{"start":{"line":77,"column":0},"end":{"line":81,"column":1}},{"start":{"line":79,"column":7},"end":{"line":81,"column":1}}],"line":77},"9":{"loc":{"start":{"line":77,"column":4},"end":{"line":77,"column":51}},"type":"binary-expr","locations":[{"start":{"line":77,"column":4},"end":{"line":77,"column":33}},{"start":{"line":77,"column":37},"end":{"line":77,"column":51}}],"line":77}},"s":{"0":0,"1":0,"2":0,"3":0,"4":0,"5":0,"6":0,"7":0,"8":0,"9":0,"10":0,"11":0,"12":0,"13":0,"14":0,"15":0,"16":0,"17":0,"18":0,"19":0,"20":0,"21":0,"22":0,"23":0,"24":0,"25":0,"26":0,"27":0,"28":0,"29":0,"30":0,"31":0,"32":0,"33":0,"34":0,"35":0,"36":0,"37":0,"38":0,"39":0,"40":0,"41":0,"42":0,"43":0,"44":0,"45":0,"46":0,"47":2,"48":4,"49":2,"50":2,"51":4,"52":4,"53":1,"54":1,"55":0},"f":{"0":0,"1":0,"2":0,"3":0,"4":0,"5":2,"6":4,"7":2},"b":{"0":[0],"1":[0],"2":[0,0],"3":[0,0],"4":[0,0],"5":[0,0],"6":[0,0],"7":[0,0],"8":[1,0],"9":[1,1]},"_coverageSchema":"1a1c01bbd47fc00a2c39e90264f33305004495a9","hash":"618d415799a3a47bb7fa0963d044a19f26983a8f"}
}
