TN:
SF:js\studentManager.js
FN:9,(anonymous_0)
FN:18,(anonymous_1)
FN:26,(anonymous_2)
FN:35,(anonymous_3)
FN:36,(anonymous_4)
FN:53,(anonymous_5)
FN:67,(anonymous_6)
FN:70,(anonymous_7)
FN:95,(anonymous_8)
FN:106,(anonymous_9)
FN:123,(anonymous_10)
FN:169,(anonymous_11)
FN:170,(anonymous_12)
FN:189,(anonymous_13)
FN:190,(anonymous_14)
FN:199,(anonymous_15)
FNF:16
FNH:5
FNDA:3,(anonymous_0)
FNDA:2,(anonymous_1)
FNDA:0,(anonymous_2)
FNDA:2,(anonymous_3)
FNDA:4,(anonymous_4)
FNDA:0,(anonymous_5)
FNDA:0,(anonymous_6)
FNDA:0,(anonymous_7)
FNDA:0,(anonymous_8)
FNDA:0,(anonymous_9)
FNDA:0,(anonymous_10)
FNDA:0,(anonymous_11)
FNDA:0,(anonymous_12)
FNDA:0,(anonymous_13)
FNDA:0,(anonymous_14)
FNDA:1,(anonymous_15)
DA:10,3
DA:11,3
DA:19,2
DA:27,0
DA:36,2
DA:37,4
DA:38,4
DA:41,4
DA:42,1
DA:45,3
DA:54,0
DA:55,0
DA:56,0
DA:57,0
DA:58,0
DA:59,0
DA:60,0
DA:61,0
DA:62,0
DA:63,0
DA:64,0
DA:65,0
DA:67,0
DA:68,0
DA:70,0
DA:71,0
DA:72,0
DA:73,0
DA:74,0
DA:77,0
DA:78,0
DA:79,0
DA:80,0
DA:81,0
DA:83,0
DA:84,0
DA:85,0
DA:86,0
DA:87,0
DA:89,0
DA:90,0
DA:91,0
DA:92,0
DA:93,0
DA:94,0
DA:95,0
DA:96,0
DA:97,0
DA:100,0
DA:101,0
DA:102,0
DA:103,0
DA:104,0
DA:105,0
DA:106,0
DA:107,0
DA:108,0
DA:111,0
DA:112,0
DA:113,0
DA:124,0
DA:126,0
DA:128,0
DA:131,0
DA:132,0
DA:133,0
DA:134,0
DA:135,0
DA:137,0
DA:142,0
DA:143,0
DA:144,0
DA:145,0
DA:146,0
DA:147,0
DA:148,0
DA:149,0
DA:152,0
DA:153,0
DA:154,0
DA:156,0
DA:157,0
DA:158,0
DA:160,0
DA:161,0
DA:170,0
DA:171,0
DA:172,0
DA:173,0
DA:174,0
DA:175,0
DA:176,0
DA:177,0
DA:178,0
DA:179,0
DA:180,0
DA:181,0
DA:190,0
DA:191,0
DA:200,1
DA:201,1
DA:202,1
DA:203,1
DA:204,1
DA:209,1
DA:210,1
DA:212,0
LF:107
LH:16
BRDA:41,0,0,1
BRDA:41,0,1,3
BRDA:41,1,0,4
BRDA:41,1,1,4
BRDA:45,2,0,3
BRDA:45,2,1,2
BRDA:45,2,2,0
BRDA:55,3,0,0
BRDA:55,3,1,0
BRDA:57,4,0,0
BRDA:57,4,1,0
BRDA:73,5,0,0
BRDA:73,5,1,0
BRDA:126,6,0,0
BRDA:126,6,1,0
BRDA:134,7,0,0
BRDA:134,7,1,0
BRDA:171,8,0,0
BRDA:171,8,1,0
BRDA:209,9,0,1
BRDA:209,9,1,0
BRDA:209,10,0,1
BRDA:209,10,1,1
BRF:23
BRH:9
end_of_record
TN:
SF:js\utils.js
FN:4,(anonymous_0)
FN:19,(anonymous_1)
FN:24,(anonymous_2)
FN:56,(anonymous_3)
FN:59,(anonymous_4)
FN:63,(anonymous_5)
FN:65,executedFunction
FN:66,(anonymous_7)
FN:80,(anonymous_8)
FN:129,(anonymous_9)
FN:162,(anonymous_10)
FN:171,(anonymous_11)
FNF:12
FNH:3
FNDA:0,(anonymous_0)
FNDA:0,(anonymous_1)
FNDA:0,(anonymous_2)
FNDA:0,(anonymous_3)
FNDA:0,(anonymous_4)
FNDA:2,(anonymous_5)
FNDA:4,executedFunction
FNDA:2,(anonymous_7)
FNDA:0,(anonymous_8)
FNDA:0,(anonymous_9)
FNDA:0,(anonymous_10)
FNDA:0,(anonymous_11)
DA:5,0
DA:6,0
DA:7,0
DA:8,0
DA:9,0
DA:10,0
DA:12,0
DA:13,0
DA:14,0
DA:15,0
DA:16,0
DA:17,0
DA:18,0
DA:19,0
DA:20,0
DA:25,0
DA:26,0
DA:28,0
DA:29,0
DA:31,0
DA:32,0
DA:34,0
DA:35,0
DA:37,0
DA:38,0
DA:39,0
DA:40,0
DA:42,0
DA:43,0
DA:44,0
DA:45,0
DA:47,0
DA:48,0
DA:50,0
DA:51,0
DA:53,0
DA:54,0
DA:56,0
DA:57,0
DA:59,0
DA:65,2
DA:66,4
DA:67,2
DA:68,2
DA:70,4
DA:71,4
DA:81,0
DA:83,0
DA:86,0
DA:87,0
DA:88,0
DA:92,0
DA:99,0
DA:102,0
DA:103,0
DA:110,0
DA:113,0
DA:116,0
DA:118,0
DA:119,0
DA:130,0
DA:132,0
DA:135,0
DA:136,0
DA:137,0
DA:141,0
DA:142,0
DA:143,0
DA:144,0
DA:147,0
DA:148,0
DA:149,0
DA:150,0
DA:151,0
DA:152,0
DA:155,0
DA:156,0
DA:157,0
DA:158,0
DA:161,0
DA:162,0
DA:163,0
DA:164,0
DA:165,0
DA:166,0
DA:167,0
DA:170,0
DA:171,0
DA:172,0
DA:173,0
DA:176,0
DA:179,0
DA:180,0
DA:181,0
DA:184,0
DA:192,0
DA:195,0
DA:196,0
DA:197,0
DA:198,0
DA:200,0
DA:201,0
DA:204,0
DA:207,0
DA:209,0
DA:210,0
DA:216,1
DA:217,1
DA:219,0
LF:109
LH:8
BRDA:4,0,0,0
BRDA:4,1,0,0
BRDA:6,2,0,0
BRDA:6,2,1,0
BRDA:13,3,0,0
BRDA:13,3,1,0
BRDA:14,4,0,0
BRDA:14,4,1,0
BRDA:15,5,0,0
BRDA:15,5,1,0
BRDA:32,6,0,0
BRDA:32,6,1,0
BRDA:57,7,0,0
BRDA:57,7,1,0
BRDA:80,8,0,0
BRDA:87,9,0,0
BRDA:87,9,1,0
BRDA:129,10,0,0
BRDA:129,11,0,0
BRDA:136,12,0,0
BRDA:136,12,1,0
BRDA:216,13,0,1
BRDA:216,13,1,0
BRDA:216,14,0,1
BRDA:216,14,1,1
BRF:25
BRH:3
end_of_record
